<?xml version="1.0" encoding="UTF-8"?>
<testng-results ignored="0" total="1" passed="1" failed="0" skipped="0">
  <reporter-output>
  </reporter-output>
  <suite started-at="2023-03-18T07:55:28 IST" name="Default suite" finished-at="2023-03-18T07:55:32 IST" duration-ms="4475">
    <groups>
    </groups>
    <test started-at="2023-03-18T07:55:28 IST" name="Default test" finished-at="2023-03-18T07:55:32 IST" duration-ms="4475">
      <class name="TestNGPrograms.ReadExcelTest">
        <test-method signature="ReadExcel()[pri:0, instance:TestNGPrograms.ReadExcelTest@79e2c065]" started-at="2023-03-18T07:55:28 IST" name="ReadExcel" finished-at="2023-03-18T07:55:32 IST" duration-ms="4254" status="PASS">
          <reporter-output>
          </reporter-output>
        </test-method> <!-- ReadExcel -->
      </class> <!-- TestNGPrograms.ReadExcelTest -->
    </test> <!-- Default test -->
  </suite> <!-- Default suite -->
</testng-results>
