<?xml version="1.0" encoding="UTF-8"?>
<!-- Generated by org.testng.reporters.JUnitXMLReporter -->
<testsuite ignored="0" hostname="LAPTOP-IKS9SD1L" failures="0" tests="3" name="Test" time="12.293" errors="0" timestamp="2023-03-18T07:54:44 IST">
  <testcase classname="TestNGPrograms.AnnotationTest" name="login" time="11.722"/>
  <testcase classname="TestNGPrograms.AnnotationTest" name="Home" time="0.134"/>
  <testcase classname="TestNGPrograms.AnnotationTest" name="logout" time="0.32"/>
</testsuite> <!-- Test -->
