<?xml version="1.0" encoding="UTF-8"?>
<testsuite name="manager "
           tests="23"
           failures="0"
           errors="0"
           skipped="1"
           time="32.175">
  <properties />
  
            <testcase name="screenshotValidationAmeo" time="0.0" classname="testcases.addCustomerTest">
          <skipped />
    </testcase>
  
            <testcase name="addCustomerTest" time="1.272" classname="testcases.addCustomerTest" />
                <testcase name="addCustomerTest" time="1.272" classname="testcases.addCustomerTest" />
                <testcase name="addCustomerTest" time="1.442" classname="testcases.addCustomerTest" />
                <testcase name="addCustomerTest" time="1.443" classname="testcases.addCustomerTest" />
                <testcase name="addCustomerTest" time="1.338" classname="testcases.addCustomerTest" />
                <testcase name="addCustomerTest" time="1.242" classname="testcases.addCustomerTest" />
                <testcase name="addCustomerTest" time="1.477" classname="testcases.addCustomerTest" />
                <testcase name="addCustomerTest" time="1.753" classname="testcases.addCustomerTest" />
                <testcase name="addCustomerTest" time="1.564" classname="testcases.addCustomerTest" />
                <testcase name="addCustomerTest" time="1.958" classname="testcases.addCustomerTest" />
                <testcase name="addCustomerTest" time="1.517" classname="testcases.addCustomerTest" />
                <testcase name="addCustomerTest" time="1.565" classname="testcases.addCustomerTest" />
                <testcase name="addCustomerTest" time="1.335" classname="testcases.addCustomerTest" />
                <testcase name="addCustomerTest" time="1.549" classname="testcases.addCustomerTest" />
                <testcase name="addCustomerTest" time="1.364" classname="testcases.addCustomerTest" />
                <testcase name="addCustomerTest" time="1.463" classname="testcases.addCustomerTest" />
                <testcase name="addCustomerTest" time="1.433" classname="testcases.addCustomerTest" />
                <testcase name="addCustomerTest" time="1.603" classname="testcases.addCustomerTest" />
                <testcase name="addCustomerTest" time="1.329" classname="testcases.addCustomerTest" />
                <testcase name="addCustomerTest" time="1.303" classname="testcases.addCustomerTest" />
                <testcase name="addCustomerTest" time="1.408" classname="testcases.addCustomerTest" />
                <testcase name="addCustomerTest" time="1.310" classname="testcases.addCustomerTest" />
      
</testsuite>
